# JRE version: Java(TM) SE Runtime Environment (21.0.1+12) (build 21.0.1+12-LTS-29)
# Java VM: Java HotSpot(TM) 64-Bit Server VM (21.0.1+12-LTS-29, mixed mode, sharing, tiered, compressed oops, compressed class ptrs, g1 gc, windows-amd64)
GC Precious Log:
 CardTable entry size: 512
 Card Set container configuration: InlinePtr #cards 4 size 8 Array Of Cards #cards 16 size 48 Howl #buckets 8 coarsen threshold 3686 Howl Bitmap #cards 512 size 80 coarsen threshold 460 Card regions per heap region 1 cards per card region 4096
 CPUs: 4 total, 4 available
 Memory: 12168M
 Large Page Support: Disabled
 NUMA Support: Disabled
 Compressed Oops: Enabled (Zero based)
 Heap Region Size: 2M
 Heap Min Capacity: 8M
 Heap Initial Capacity: 192M
 Heap Max Capacity: 3044M
 Pre-touch: Disabled
 Parallel Workers: 4
 Concurrent Workers: 1
 Concurrent Refinement Workers: 4
 Periodic GC: Disabled
Heap:
 garbage-first heap   total 49152K, used 15800K [0x0000000741c00000, 0x0000000800000000)
  region size 2048K, 2 young (4096K), 0 survivors (0K)
 Metaspace       used 10514K, committed 10752K, reserved 1114112K
  class space    used 991K, committed 1088K, reserved 1048576K
GC Heap History (20 events):
Event: 0.899 GC heap before
{Heap before GC invocations=1 (full 1):
 garbage-first heap   total 28672K, used 10229K [0x0000000741c00000, 0x0000000800000000)
  region size 2048K, 4 young (8192K), 0 survivors (0K)
 Metaspace       used 2023K, committed 2176K, reserved 1114112K
  class space    used 168K, committed 256K, reserved 1048576K
}
Event: 0.901 GC heap after
{Heap after GC invocations=2 (full 1):
 garbage-first heap   total 28672K, used 3274K [0x0000000741c00000, 0x0000000800000000)
  region size 2048K, 1 young (2048K), 1 survivors (2048K)
 Metaspace       used 2023K, committed 2176K, reserved 1114112K
  class space    used 168K, committed 256K, reserved 1048576K
}
Event: 0.926 GC heap before
{Heap before GC invocations=2 (full 1):
 garbage-first heap   total 28672K, used 11466K [0x0000000741c00000, 0x0000000800000000)
  region size 2048K, 5 young (10240K), 1 survivors (2048K)
 Metaspace       used 2034K, committed 2176K, reserved 1114112K
  class space    used 168K, committed 256K, reserved 1048576K
}
Event: 0.931 GC heap after
{Heap after GC invocations=3 (full 1):
 garbage-first heap   total 28672K, used 4159K [0x0000000741c00000, 0x0000000800000000)
  region size 2048K, 1 young (2048K), 1 survivors (2048K)
 Metaspace       used 2034K, committed 2176K, reserved 1114112K
  class space    used 168K, committed 256K, reserved 1048576K
}
Event: 0.955 GC heap before
{Heap before GC invocations=3 (full 1):
 garbage-first heap   total 28672K, used 12351K [0x0000000741c00000, 0x0000000800000000)
  region size 2048K, 5 young (10240K), 1 survivors (2048K)
 Metaspace       used 2051K, committed 2176K, reserved 1114112K
  class space    used 168K, committed 256K, reserved 1048576K
}
Event: 0.958 GC heap after
{Heap after GC invocations=4 (full 1):
 garbage-first heap   total 28672K, used 5046K [0x0000000741c00000, 0x0000000800000000)
  region size 2048K, 1 young (2048K), 1 survivors (2048K)
 Metaspace       used 2051K, committed 2176K, reserved 1114112K
  class space    used 168K, committed 256K, reserved 1048576K
}
Event: 0.992 GC heap before
{Heap before GC invocations=4 (full 1):
 garbage-first heap   total 28672K, used 15286K [0x0000000741c00000, 0x0000000800000000)
  region size 2048K, 6 young (12288K), 1 survivors (2048K)
 Metaspace       used 2078K, committed 2240K, reserved 1114112K
  class space    used 168K, committed 256K, reserved 1048576K
}
Event: 0.997 GC heap after
{Heap after GC invocations=5 (full 1):
 garbage-first heap   total 28672K, used 5881K [0x0000000741c00000, 0x0000000800000000)
  region size 2048K, 1 young (2048K), 1 survivors (2048K)
 Metaspace       used 2078K, committed 2240K, reserved 1114112K
  class space    used 168K, committed 256K, reserved 1048576K
}
Event: 1.029 GC heap before
{Heap before GC invocations=5 (full 1):
 garbage-first heap   total 28672K, used 12025K [0x0000000741c00000, 0x0000000800000000)
  region size 2048K, 5 young (10240K), 1 survivors (2048K)
 Metaspace       used 2099K, committed 2240K, reserved 1114112K
  class space    used 168K, committed 256K, reserved 1048576K
}
Event: 1.055 GC heap after
{Heap after GC invocations=6 (full 2):
 garbage-first heap   total 28672K, used 6231K [0x0000000741c00000, 0x0000000800000000)
  region size 2048K, 0 young (0K), 0 survivors (0K)
 Metaspace       used 2099K, committed 2240K, reserved 1114112K
  class space    used 168K, committed 256K, reserved 1048576K
}
Event: 1.176 GC heap before
{Heap before GC invocations=6 (full 2):
 garbage-first heap   total 28672K, used 6231K [0x0000000741c00000, 0x0000000800000000)
  region size 2048K, 1 young (2048K), 0 survivors (0K)
 Metaspace       used 2645K, committed 2816K, reserved 1114112K
  class space    used 226K, committed 320K, reserved 1048576K
}
Event: 1.194 GC heap after
{Heap after GC invocations=7 (full 3):
 garbage-first heap   total 28672K, used 7272K [0x0000000741c00000, 0x0000000800000000)
  region size 2048K, 0 young (0K), 0 survivors (0K)
 Metaspace       used 2645K, committed 2816K, reserved 1114112K
  class space    used 226K, committed 320K, reserved 1048576K
}
Event: 1.650 GC heap before
{Heap before GC invocations=7 (full 3):
 garbage-first heap   total 28672K, used 19560K [0x0000000741c00000, 0x0000000800000000)
  region size 2048K, 7 young (14336K), 0 survivors (0K)
 Metaspace       used 2941K, committed 3136K, reserved 1114112K
  class space    used 244K, committed 384K, reserved 1048576K
}
Event: 1.657 GC heap after
{Heap after GC invocations=8 (full 3):
 garbage-first heap   total 112640K, used 11607K [0x0000000741c00000, 0x0000000800000000)
  region size 2048K, 1 young (2048K), 1 survivors (2048K)
 Metaspace       used 2941K, committed 3136K, reserved 1114112K
  class space    used 244K, committed 384K, reserved 1048576K
}
Event: 2.014 GC heap before
{Heap before GC invocations=8 (full 3):
 garbage-first heap   total 112640K, used 15703K [0x0000000741c00000, 0x0000000800000000)
  region size 2048K, 5 young (10240K), 1 survivors (2048K)
 Metaspace       used 4650K, committed 4800K, reserved 1114112K
  class space    used 414K, committed 512K, reserved 1048576K
}
Event: 2.039 GC heap after
{Heap after GC invocations=9 (full 4):
 garbage-first heap   total 49152K, used 12327K [0x0000000741c00000, 0x0000000800000000)
  region size 2048K, 0 young (0K), 0 survivors (0K)
 Metaspace       used 4650K, committed 4800K, reserved 1114112K
  class space    used 414K, committed 512K, reserved 1048576K
}
Event: 2.416 GC heap before
{Heap before GC invocations=9 (full 4):
 garbage-first heap   total 49152K, used 16423K [0x0000000741c00000, 0x0000000800000000)
  region size 2048K, 3 young (6144K), 0 survivors (0K)
 Metaspace       used 7131K, committed 7360K, reserved 1114112K
  class space    used 617K, committed 704K, reserved 1048576K
}
Event: 2.437 GC heap after
{Heap after GC invocations=10 (full 5):
 garbage-first heap   total 49152K, used 12712K [0x0000000741c00000, 0x0000000800000000)
  region size 2048K, 0 young (0K), 0 survivors (0K)
 Metaspace       used 7131K, committed 7360K, reserved 1114112K
  class space    used 617K, committed 704K, reserved 1048576K
}
Event: 2.954 GC heap before
{Heap before GC invocations=10 (full 5):
 garbage-first heap   total 49152K, used 22952K [0x0000000741c00000, 0x0000000800000000)
  region size 2048K, 7 young (14336K), 0 survivors (0K)
 Metaspace       used 9873K, committed 10048K, reserved 1114112K
  class space    used 931K, committed 1024K, reserved 1048576K
}
Event: 2.978 GC heap after
{Heap after GC invocations=11 (full 6):
 garbage-first heap   total 49152K, used 13752K [0x0000000741c00000, 0x0000000800000000)
  region size 2048K, 0 young (0K), 0 survivors (0K)
 Metaspace       used 9873K, committed 10048K, reserved 1114112K
  class space    used 931K, committed 1024K, reserved 1048576K
}

